<?xml version="1.0" encoding="UTF-8"?>
<!-- Generated by org.testng.reporters.JUnitReportReporter -->
<testsuite hostname="VMURRUG-IN-LE02" failures="0" tests="2" name="maventestng.TestngAnatation" time="0.024" errors="0" timestamp="2022-11-25T20:50:15 IST" skipped="0">
  <testcase classname="maventestng.TestngAnatation" name="method4" time="0.017"/>
  <system-out/>
  <testcase classname="maventestng.TestngAnatation" name="method5" time="0.007"/>
  <system-out/>
</testsuite> <!-- maventestng.TestngAnatation -->
