<?xml version="1.0" encoding="UTF-8"?>
<!-- Generated by org.testng.reporters.JUnitReportReporter -->
<testsuite hostname="VMURRUG-IN-LE02" failures="0" tests="2" name="AutomationTestpage.org.automation.testpage.TestLoginPageAutomation" time="23.114" errors="0" timestamp="2022-12-16T21:26:40 IST" skipped="0">
  <testcase classname="AutomationTestpage.org.automation.testpage.TestLoginPageAutomation" name="Test2" time="19.876"/>
  <system-out/>
  <testcase classname="AutomationTestpage.org.automation.testpage.TestLoginPageAutomation" name="urlpage" time="3.238"/>
  <system-out/>
</testsuite> <!-- AutomationTestpage.org.automation.testpage.TestLoginPageAutomation -->
