<?xml version="1.0" encoding="UTF-8"?>
<!-- Generated by org.testng.reporters.JUnitReportReporter -->
<testsuite hostname="VMURRUG-IN-LE02" failures="0" tests="4" name="AutomationTestpage.org.automation.testpage.TestnGAnnotations" time="0.034" errors="0" timestamp="2022-12-16T21:24:10 IST" skipped="0">
  <testcase classname="AutomationTestpage.org.automation.testpage.TestnGAnnotations" name="test4" time="0.013"/>
  <system-out/>
  <testcase classname="AutomationTestpage.org.automation.testpage.TestnGAnnotations" name="test3" time="0.010"/>
  <system-out/>
  <testcase classname="AutomationTestpage.org.automation.testpage.TestnGAnnotations" name="test2" time="0.003"/>
  <system-out/>
  <testcase classname="AutomationTestpage.org.automation.testpage.TestnGAnnotations" name="test1" time="0.008"/>
  <system-out/>
</testsuite> <!-- AutomationTestpage.org.automation.testpage.TestnGAnnotations -->
