<?xml version="1.0" encoding="UTF-8"?>
<!-- Generated by org.testng.reporters.JUnitReportReporter -->
<testsuite hostname="VMURRUG-IN-LE02" failures="0" tests="3" name="AutomationTestpage.org.automation.testpage.DependOnMethod" time="63.006" errors="0" timestamp="2022-12-18T17:31:11 IST" skipped="0">
  <testcase classname="AutomationTestpage.org.automation.testpage.DependOnMethod" name="executSessionOne" time="21.502"/>
  <system-out/>
  <testcase classname="AutomationTestpage.org.automation.testpage.DependOnMethod" name="executSessionThree" time="20.933"/>
  <system-out/>
  <testcase classname="AutomationTestpage.org.automation.testpage.DependOnMethod" name="executeSessionTwo" time="20.571"/>
  <system-out/>
</testsuite> <!-- AutomationTestpage.org.automation.testpage.DependOnMethod -->
